[27-Jan-2025 03:51:33 UTC] Automatic updates starting...
[27-Jan-2025 03:51:34 UTC] Automatic updates complete.
[27-Jan-2025 04:10:19 UTC] PHP Warning:  Attempt to read property "title" on null in C:\xampp\htdocs\projects\CustomSite\wp-includes\class-wp-customize-widgets.php on line 923
[27-Jan-2025 15:37:46 UTC] PHP Deprecated:  Function wp_update_https_detection_errors is <strong>deprecated</strong> since version 6.4.0 with no alternative available. in C:\xampp\htdocs\projects\CustomSite\wp-includes\functions.php on line 6114
[27-Jan-2025 15:51:41 UTC] Automatic updates starting...
[27-Jan-2025 15:51:43 UTC] Automatic updates complete.
[28-Jan-2025 03:24:18 UTC] PHP Deprecated:  File Theme without comments.php is <strong>deprecated</strong> since version 3.0.0 with no alternative available. Please include a comments.php template in your theme. in C:\xampp\htdocs\projects\CustomSite\wp-includes\functions.php on line 6114
[28-Jan-2025 03:25:27 UTC] PHP Deprecated:  File Theme without comments.php is <strong>deprecated</strong> since version 3.0.0 with no alternative available. Please include a comments.php template in your theme. in C:\xampp\htdocs\projects\CustomSite\wp-includes\functions.php on line 6114
[28-Jan-2025 03:25:52 UTC] PHP Deprecated:  File Theme without comments.php is <strong>deprecated</strong> since version 3.0.0 with no alternative available. Please include a comments.php template in your theme. in C:\xampp\htdocs\projects\CustomSite\wp-includes\functions.php on line 6114
[28-Jan-2025 03:26:04 UTC] PHP Deprecated:  File Theme without comments.php is <strong>deprecated</strong> since version 3.0.0 with no alternative available. Please include a comments.php template in your theme. in C:\xampp\htdocs\projects\CustomSite\wp-includes\functions.php on line 6114
[28-Jan-2025 03:26:09 UTC] PHP Deprecated:  File Theme without comments.php is <strong>deprecated</strong> since version 3.0.0 with no alternative available. Please include a comments.php template in your theme. in C:\xampp\htdocs\projects\CustomSite\wp-includes\functions.php on line 6114
[28-Jan-2025 03:26:14 UTC] PHP Deprecated:  File Theme without comments.php is <strong>deprecated</strong> since version 3.0.0 with no alternative available. Please include a comments.php template in your theme. in C:\xampp\htdocs\projects\CustomSite\wp-includes\functions.php on line 6114
[28-Jan-2025 03:26:24 UTC] PHP Deprecated:  File Theme without comments.php is <strong>deprecated</strong> since version 3.0.0 with no alternative available. Please include a comments.php template in your theme. in C:\xampp\htdocs\projects\CustomSite\wp-includes\functions.php on line 6114
[28-Jan-2025 03:26:37 UTC] PHP Deprecated:  File Theme without comments.php is <strong>deprecated</strong> since version 3.0.0 with no alternative available. Please include a comments.php template in your theme. in C:\xampp\htdocs\projects\CustomSite\wp-includes\functions.php on line 6114
[28-Jan-2025 03:29:20 UTC] PHP Fatal error:  Allowed memory size of 536870912 bytes exhausted (tried to allocate 262144 bytes) in C:\xampp\htdocs\projects\CustomSite\wp-includes\class-wp-object-cache.php on line 363
[28-Jan-2025 03:29:20 UTC] PHP Fatal error:  Allowed memory size of 536870912 bytes exhausted (tried to allocate 262144 bytes) in Unknown on line 0
[28-Jan-2025 03:29:20 UTC] PHP Fatal error:  Allowed memory size of 536870912 bytes exhausted (tried to allocate 262144 bytes) in C:\xampp\htdocs\projects\CustomSite\wp-includes\class-wp-object-cache.php on line 363
[28-Jan-2025 03:29:20 UTC] PHP Fatal error:  Allowed memory size of 536870912 bytes exhausted (tried to allocate 262144 bytes) in Unknown on line 0
[28-Jan-2025 03:29:38 UTC] PHP Deprecated:  File Theme without comments.php is <strong>deprecated</strong> since version 3.0.0 with no alternative available. Please include a comments.php template in your theme. in C:\xampp\htdocs\projects\CustomSite\wp-includes\functions.php on line 6114
[28-Jan-2025 03:42:48 UTC] PHP Deprecated:  File Theme without comments.php is <strong>deprecated</strong> since version 3.0.0 with no alternative available. Please include a comments.php template in your theme. in C:\xampp\htdocs\projects\CustomSite\wp-includes\functions.php on line 6114
[28-Jan-2025 03:42:58 UTC] PHP Deprecated:  File Theme without comments.php is <strong>deprecated</strong> since version 3.0.0 with no alternative available. Please include a comments.php template in your theme. in C:\xampp\htdocs\projects\CustomSite\wp-includes\functions.php on line 6114
[28-Jan-2025 03:51:19 UTC] Automatic updates starting...
[28-Jan-2025 03:51:20 UTC] Automatic updates complete.
[28-Jan-2025 04:48:28 UTC] PHP Warning:  wp_update_themes(): An unexpected error occurred. Something may be wrong with WordPress.org or this server&#8217;s configuration. If you continue to have problems, please try the <a href="https://wordpress.org/support/forums/">support forums</a>. (WordPress could not establish a secure connection to WordPress.org. Please contact your server administrator.) in C:\xampp\htdocs\projects\CustomSite\wp-includes\functions.php on line 6114
[28-Jan-2025 04:48:59 UTC] PHP Deprecated:  File Theme without comments.php is <strong>deprecated</strong> since version 3.0.0 with no alternative available. Please include a comments.php template in your theme. in C:\xampp\htdocs\projects\CustomSite\wp-includes\functions.php on line 6114
[28-Jan-2025 04:51:46 UTC] PHP Parse error:  syntax error, unexpected token "=", expecting ")" in C:\xampp\htdocs\projects\CustomSite\wp-content\themes\twentytwentyfive\functions.php on line 93
[28-Jan-2025 04:51:46 UTC] PHP Notice:  Function _load_textdomain_just_in_time was called <strong>incorrectly</strong>. Translation loading for the <code>twentytwentyfive</code> domain was triggered too early. This is usually an indicator for some code in the plugin or theme running too early. Translations should be loaded at the <code>init</code> action or later. Please see <a href="https://developer.wordpress.org/advanced-administration/debug/debug-wordpress/">Debugging in WordPress</a> for more information. (This message was added in version 6.7.0.) in C:\xampp\htdocs\projects\CustomSite\wp-includes\functions.php on line 6114
[28-Jan-2025 04:51:46 UTC] PHP Warning:  Trying to access array offset on value of type bool in C:\xampp\htdocs\projects\CustomSite\wp-includes\class-wp-recovery-mode-email-service.php on line 367
[28-Jan-2025 04:51:46 UTC] PHP Warning:  Trying to access array offset on value of type bool in C:\xampp\htdocs\projects\CustomSite\wp-includes\class-wp-recovery-mode-email-service.php on line 368
[28-Jan-2025 05:08:49 UTC] PHP Deprecated:  File Theme without comments.php is <strong>deprecated</strong> since version 3.0.0 with no alternative available. Please include a comments.php template in your theme. in C:\xampp\htdocs\projects\CustomSite\wp-includes\functions.php on line 6114
